<?xml version="1.0" encoding="UTF-8"?>
<!-- Generated by org.testng.reporters.JUnitReportReporter -->
<testsuite hostname="Salenium-01" failures="0" tests="3" name="com.testCases.Weborder_Login_UsingData" time="13.572" errors="0" timestamp="2022-09-27T10:35:46 GMT-04:00" skipped="0">
  <testcase classname="com.testCases.Weborder_Login_UsingData" name="TC_001" time="5.254"/>
  <system-out/>
  <testcase classname="com.testCases.Weborder_Login_UsingData" name="TC_001" time="3.583"/>
  <system-out/>
  <testcase classname="com.testCases.Weborder_Login_UsingData" name="TC_001" time="4.735"/>
  <system-out/>
</testsuite> <!-- com.testCases.Weborder_Login_UsingData -->
