<?xml version="1.0" encoding="UTF-8"?>
<!-- Generated by org.testng.reporters.JUnitReportReporter -->
<testsuite hostname="Salenium-01" failures="0" tests="1" name="com.testCases.Weborder_Using_Excel" time="9.673" errors="0" timestamp="2022-09-27T13:03:28 GMT-04:00" skipped="0">
  <testcase classname="com.testCases.Weborder_Using_Excel" name="testLogin" time="9.673"/>
  <system-out/>
</testsuite> <!-- com.testCases.Weborder_Using_Excel -->
