<?xml version="1.0" encoding="UTF-8"?>
<!-- Generated by org.testng.reporters.JUnitReportReporter -->
<testsuite hostname="Salenium-01" failures="0" tests="3" name="com.testCases.UpdateOrder" time="6.201" errors="0" timestamp="2022-09-28T08:42:43 GMT-04:00" skipped="0">
  <testcase classname="com.testCases.UpdateOrder" name="TC_001" time="2.593"/>
  <system-out/>
  <testcase classname="com.testCases.UpdateOrder" name="TC_002" time="2.250"/>
  <system-out/>
  <testcase classname="com.testCases.UpdateOrder" name="tc003" time="1.358"/>
  <system-out/>
</testsuite> <!-- com.testCases.UpdateOrder -->
