<?xml version="1.0" encoding="UTF-8"?>
<!-- Generated by org.testng.reporters.JUnitReportReporter -->
<testsuite hostname="Salenium-01" failures="0" tests="2" name="com.testCases.Weborder_Login" time="32.995" errors="0" timestamp="2022-09-27T09:58:58 GMT-04:00" skipped="0">
  <testcase classname="com.testCases.Weborder_Login" name="TC_001" time="4.529"/>
  <system-out/>
  <testcase classname="com.testCases.Weborder_Login" name="TC_002" time="28.466"/>
  <system-out/>
</testsuite> <!-- com.testCases.Weborder_Login -->
